<?xml version="1.0" encoding="UTF-8"?>
<!-- Generated by org.testng.reporters.JUnitReportReporter -->
<testsuite hostname="LAPTOP-VTKGPJHU" failures="0" tests="6" name="demoProject.DynamicJson" time="4.517" errors="0" timestamp="2022-09-29T17:06:09 NZDT" skipped="0">
  <testcase classname="demoProject.DynamicJson" name="deleteBook" time="0.457"/>
  <system-out/>
  <testcase classname="demoProject.DynamicJson" name="addBook" time="0.422"/>
  <system-out/>
  <testcase classname="demoProject.DynamicJson" name="deleteBook" time="0.476"/>
  <system-out/>
  <testcase classname="demoProject.DynamicJson" name="addBook" time="2.214"/>
  <system-out/>
  <testcase classname="demoProject.DynamicJson" name="deleteBook" time="0.498"/>
  <system-out/>
  <testcase classname="demoProject.DynamicJson" name="addBook" time="0.450"/>
  <system-out/>
</testsuite> <!-- demoProject.DynamicJson -->
